20/02/2019 16:27:15 [INFO /main]: AbstractTestContextBootstrapper(308): Neither @ContextConfiguration nor @ContextHierarchy found for test class [edu.netcracker.backend.carrierREST.CarrierRESTTest], using SpringBootContextLoader
20/02/2019 16:27:15 [INFO /main]: AbstractContextLoader(264): Could not detect default resource locations for test class [edu.netcracker.backend.carrierREST.CarrierRESTTest]: no resource found for suffixes {-context.xml, Context.groovy}.
20/02/2019 16:27:15 [INFO /main]: AbstractTestContextBootstrapper(248): Loaded default TestExecutionListener class names from location [META-INF/spring.factories]: [org.springframework.security.test.context.support.WithSecurityContextTestExecutionListener, org.springframework.security.test.context.support.ReactorContextTestExecutionListener, org.springframework.test.context.web.ServletTestExecutionListener, org.springframework.test.context.support.DirtiesContextBeforeModesTestExecutionListener, org.springframework.test.context.support.DependencyInjectionTestExecutionListener, org.springframework.test.context.support.DirtiesContextTestExecutionListener, org.springframework.test.context.transaction.TransactionalTestExecutionListener, org.springframework.test.context.jdbc.SqlScriptsTestExecutionListener, org.springframework.boot.test.mock.mockito.MockitoTestExecutionListener, org.springframework.boot.test.mock.mockito.ResetMocksTestExecutionListener, org.springframework.boot.test.autoconfigure.restdocs.RestDocsTestExecutionListener, org.springframework.boot.test.autoconfigure.web.client.MockRestServiceServerResetTestExecutionListener, org.springframework.boot.test.autoconfigure.web.servlet.MockMvcPrintOnlyOnFailureTestExecutionListener, org.springframework.boot.test.autoconfigure.web.servlet.WebDriverTestExecutionListener]
20/02/2019 16:27:15 [INFO /main]: AbstractTestContextBootstrapper(177): Using TestExecutionListeners: [org.springframework.test.context.web.ServletTestExecutionListener@6ea1bcdc, org.springframework.test.context.support.DirtiesContextBeforeModesTestExecutionListener@759fad4, org.springframework.boot.test.mock.mockito.MockitoTestExecutionListener@64712be, org.springframework.boot.test.autoconfigure.SpringBootDependencyInjectionTestExecutionListener@53499d85, org.springframework.test.context.support.DirtiesContextTestExecutionListener@30ed9c6c, org.springframework.test.context.transaction.TransactionalTestExecutionListener@782a4fff, org.springframework.test.context.jdbc.SqlScriptsTestExecutionListener@46c670a6, org.springframework.security.test.context.support.WithSecurityContextTestExecutionListener@59fc684e, org.springframework.security.test.context.support.ReactorContextTestExecutionListener@5ae81e1, org.springframework.boot.test.mock.mockito.ResetMocksTestExecutionListener@2fd1731c, org.springframework.boot.test.autoconfigure.restdocs.RestDocsTestExecutionListener@5ae76500, org.springframework.boot.test.autoconfigure.web.client.MockRestServiceServerResetTestExecutionListener@6063d80a, org.springframework.boot.test.autoconfigure.web.servlet.MockMvcPrintOnlyOnFailureTestExecutionListener@1133ec6e, org.springframework.boot.test.autoconfigure.web.servlet.WebDriverTestExecutionListener@355e34c7]
20/02/2019 16:27:16 [INFO /main]: StartupInfoLogger(50): Starting CarrierRESTTest on DESKTOP-UM3O0CS with PID 13792 (started by Viktor in C:\Users\Viktor\Desktop\startreker-netcracker-vit\backend)
20/02/2019 16:27:16 [INFO /main]: SpringApplication(679): The following profiles are active: test
20/02/2019 16:27:17 [INFO /main]: TestDatabaseAutoConfiguration$EmbeddedDataSourceBeanFactoryPostProcessor(106): Replacing 'dataSourceTestH2' DataSource bean with embedded version
20/02/2019 16:27:18 [INFO /main]: PostProcessorRegistrationDelegate$BeanPostProcessorChecker(330): Bean 'mvcConfig' of type [edu.netcracker.backend.configuration.MvcConfig$$EnhancerBySpringCGLIB$$6b78d978] is not eligible for getting processed by all BeanPostProcessors (for example: not eligible for auto-proxying)
20/02/2019 16:27:18 [INFO /main]: TomcatWebServer(90): Tomcat initialized with port(s): 0 (http)
20/02/2019 16:27:18 [INFO /main]: DirectJDKLog(173): Initializing ProtocolHandler ["http-nio-auto-1"]
20/02/2019 16:27:18 [INFO /main]: DirectJDKLog(173): Starting service [Tomcat]
20/02/2019 16:27:18 [INFO /main]: DirectJDKLog(173): Starting Servlet engine: [Apache Tomcat/9.0.14]
20/02/2019 16:27:18 [INFO /main]: DirectJDKLog(173): The APR based Apache Tomcat Native library which allows optimal performance in production environments was not found on the java.library.path: [C:\Program Files\Java\jdk-10.0.1\bin;C:\Windows\Sun\Java\bin;C:\Windows\system32;C:\Windows;C:\oraclexe\app\oracle\product\11.2.0\server\bin;;C:\Program Files (x86)\Common Files\Oracle\Java\javapath;C:\Windows\system32;C:\Windows;C:\Windows\System32\Wbem;C:\Windows\System32\WindowsPowerShell\v1.0\;C:\Windows\System32\OpenSSH\;C:\Program Files\Git\cmd;C:\Program Files\nodejs\;C:\Users\Viktor\AppData\Local\Microsoft\WindowsApps;D:\QueryHandler\target\classes\;C:\Users\Viktor\AppData\Roaming\npm;.]
20/02/2019 16:27:19 [INFO /main]: DirectJDKLog(173): Initializing Spring embedded WebApplicationContext
20/02/2019 16:27:19 [INFO /main]: ServletWebServerApplicationContext(296): Root WebApplicationContext: initialization completed in 2258 ms
20/02/2019 16:27:19 [INFO /main]: EmbeddedDatabaseFactory(189): Starting embedded database: url='jdbc:h2:mem:9a543826-b392-4d53-8027-844d18f34088;DB_CLOSE_DELAY=-1;DB_CLOSE_ON_EXIT=false', username='sa'
20/02/2019 16:27:20 [INFO /main]: DefaultSecurityFilterChain(43): Creating filter chain: any request, [org.springframework.security.web.context.request.async.WebAsyncManagerIntegrationFilter@654b899f, org.springframework.security.web.context.SecurityContextPersistenceFilter@32328dc4, org.springframework.security.web.header.HeaderWriterFilter@42b43a6, org.springframework.security.web.authentication.logout.LogoutFilter@18cbc3c2, edu.netcracker.backend.security.JwtAuthFilter@47be41c6, org.springframework.security.web.savedrequest.RequestCacheAwareFilter@3a7469ca, org.springframework.security.web.servletapi.SecurityContextHolderAwareRequestFilter@3d764641, org.springframework.security.web.authentication.AnonymousAuthenticationFilter@71468613, org.springframework.security.web.session.SessionManagementFilter@11bfd751, org.springframework.security.web.access.ExceptionTranslationFilter@1f5d7fd5, org.springframework.security.web.access.intercept.FilterSecurityInterceptor@7b52b18a]
20/02/2019 16:27:22 [INFO /main]: DirectJDKLog(173): Starting ProtocolHandler ["http-nio-auto-1"]
20/02/2019 16:27:22 [INFO /main]: TomcatWebServer(204): Tomcat started on port(s): 52255 (http) with context path ''
20/02/2019 16:27:22 [INFO /main]: StartupInfoLogger(59): Started CarrierRESTTest in 5.965 seconds (JVM running for 8.835)
20/02/2019 16:27:23 [INFO /http-nio-auto-1-exec-10]: DirectJDKLog(173): Initializing Spring DispatcherServlet 'dispatcherServlet'
20/02/2019 16:27:23 [INFO /http-nio-auto-1-exec-10]: FrameworkServlet(524): Initializing Servlet 'dispatcherServlet'
20/02/2019 16:27:23 [INFO /http-nio-auto-1-exec-10]: FrameworkServlet(546): Completed initialization in 54 ms
20/02/2019 16:27:24 [ERROR/http-nio-auto-1-exec-10]: JwtProvider(88): Invalid JWT -> Message: {} JWT String argument cannot be null or empty.
20/02/2019 16:27:25 [ERROR/http-nio-auto-1-exec-8]: JwtProvider(88): Invalid JWT -> Message: {} JWT String argument cannot be null or empty.
20/02/2019 16:27:26 [ERROR/http-nio-auto-1-exec-6]: JwtProvider(88): Invalid JWT -> Message: {} JWT String argument cannot be null or empty.
20/02/2019 16:27:27 [ERROR/http-nio-auto-1-exec-3]: JwtProvider(88): Invalid JWT -> Message: {} JWT String argument cannot be null or empty.
20/02/2019 16:27:27 [ERROR/http-nio-auto-1-exec-1]: JwtProvider(88): Invalid JWT -> Message: {} JWT String argument cannot be null or empty.
20/02/2019 16:27:28 [ERROR/http-nio-auto-1-exec-9]: JwtProvider(88): Invalid JWT -> Message: {} JWT String argument cannot be null or empty.
20/02/2019 16:27:29 [ERROR/http-nio-auto-1-exec-7]: JwtProvider(88): Invalid JWT -> Message: {} JWT String argument cannot be null or empty.
20/02/2019 16:27:30 [ERROR/http-nio-auto-1-exec-4]: JwtProvider(88): Invalid JWT -> Message: {} JWT String argument cannot be null or empty.
20/02/2019 16:27:31 [ERROR/http-nio-auto-1-exec-2]: JwtProvider(88): Invalid JWT -> Message: {} JWT String argument cannot be null or empty.
20/02/2019 16:27:31 [ERROR/http-nio-auto-1-exec-10]: JwtProvider(88): Invalid JWT -> Message: {} JWT String argument cannot be null or empty.
20/02/2019 16:27:32 [ERROR/http-nio-auto-1-exec-6]: JwtProvider(88): Invalid JWT -> Message: {} JWT String argument cannot be null or empty.
20/02/2019 16:27:33 [ERROR/http-nio-auto-1-exec-4]: JwtProvider(88): Invalid JWT -> Message: {} JWT String argument cannot be null or empty.
20/02/2019 16:27:34 [ERROR/http-nio-auto-1-exec-1]: JwtProvider(88): Invalid JWT -> Message: {} JWT String argument cannot be null or empty.
20/02/2019 16:27:34 [ERROR/http-nio-auto-1-exec-9]: JwtProvider(88): Invalid JWT -> Message: {} JWT String argument cannot be null or empty.
20/02/2019 16:27:35 [ERROR/http-nio-auto-1-exec-2]: JwtProvider(88): Invalid JWT -> Message: {} JWT String argument cannot be null or empty.
20/02/2019 16:27:36 [ERROR/http-nio-auto-1-exec-6]: JwtProvider(88): Invalid JWT -> Message: {} JWT String argument cannot be null or empty.
20/02/2019 16:27:37 [ERROR/http-nio-auto-1-exec-7]: JwtProvider(88): Invalid JWT -> Message: {} JWT String argument cannot be null or empty.
20/02/2019 16:27:37 [ERROR/http-nio-auto-1-exec-10]: JwtProvider(88): Invalid JWT -> Message: {} JWT String argument cannot be null or empty.
20/02/2019 16:27:38 [ERROR/http-nio-auto-1-exec-6]: JwtProvider(88): Invalid JWT -> Message: {} JWT String argument cannot be null or empty.
20/02/2019 16:27:39 [ERROR/http-nio-auto-1-exec-7]: JwtProvider(88): Invalid JWT -> Message: {} JWT String argument cannot be null or empty.
20/02/2019 16:27:40 [ERROR/http-nio-auto-1-exec-10]: JwtProvider(88): Invalid JWT -> Message: {} JWT String argument cannot be null or empty.
