15/02/2019 20:19:50 [INFO /main]: StartupInfoLogger(50): Starting BackendApplication on DESKTOP-UM3O0CS with PID 13704 (C:\Users\Viktor\Desktop\startreker-netcracker-vit\backend\target\classes started by Viktor in C:\Users\Viktor\Desktop\startreker-netcracker-vit)
15/02/2019 20:19:50 [INFO /main]: SpringApplication(679): The following profiles are active: prod
15/02/2019 20:19:51 [INFO /main]: TomcatWebServer(90): Tomcat initialized with port(s): 8080 (http)
15/02/2019 20:19:51 [INFO /main]: DirectJDKLog(173): Initializing ProtocolHandler ["http-nio-8080"]
15/02/2019 20:19:51 [INFO /main]: DirectJDKLog(173): Starting service [Tomcat]
15/02/2019 20:19:51 [INFO /main]: DirectJDKLog(173): Starting Servlet engine: [Apache Tomcat/9.0.14]
15/02/2019 20:19:51 [INFO /main]: DirectJDKLog(173): The APR based Apache Tomcat Native library which allows optimal performance in production environments was not found on the java.library.path: [C:\Program Files\Java\jdk-10.0.1\bin;C:\Windows\Sun\Java\bin;C:\Windows\system32;C:\Windows;C:\oraclexe\app\oracle\product\11.2.0\server\bin;;C:\Program Files (x86)\Common Files\Oracle\Java\javapath;C:\Windows\system32;C:\Windows;C:\Windows\System32\Wbem;C:\Windows\System32\WindowsPowerShell\v1.0\;C:\Windows\System32\OpenSSH\;C:\Program Files\Git\cmd;C:\Program Files\nodejs\;C:\Users\Viktor\AppData\Local\Microsoft\WindowsApps;D:\QueryHandler\target\classes\;C:\Users\Viktor\AppData\Roaming\npm;.]
15/02/2019 20:19:51 [INFO /main]: DirectJDKLog(173): Initializing Spring embedded WebApplicationContext
15/02/2019 20:19:51 [INFO /main]: ServletWebServerApplicationContext(296): Root WebApplicationContext: initialization completed in 1321 ms
15/02/2019 20:19:52 [INFO /main]: DefaultSecurityFilterChain(43): Creating filter chain: any request, [org.springframework.security.web.context.request.async.WebAsyncManagerIntegrationFilter@34a20f16, org.springframework.security.web.context.SecurityContextPersistenceFilter@257f30f7, org.springframework.security.web.header.HeaderWriterFilter@492be039, org.springframework.security.web.authentication.logout.LogoutFilter@1fb2eec, edu.netcracker.backend.security.JwtAuthFilter@69364b2d, org.springframework.security.web.savedrequest.RequestCacheAwareFilter@1f916219, org.springframework.security.web.servletapi.SecurityContextHolderAwareRequestFilter@38732364, org.springframework.security.web.authentication.AnonymousAuthenticationFilter@496cc217, org.springframework.security.web.session.SessionManagementFilter@6d69a0d3, org.springframework.security.web.access.ExceptionTranslationFilter@52abed9d, org.springframework.security.web.access.intercept.FilterSecurityInterceptor@5fef0c19]
15/02/2019 20:19:52 [INFO /main]: DirectJDKLog(173): Starting ProtocolHandler ["http-nio-8080"]
15/02/2019 20:19:52 [INFO /main]: TomcatWebServer(204): Tomcat started on port(s): 8080 (http) with context path ''
15/02/2019 20:19:52 [INFO /main]: StartupInfoLogger(59): Started BackendApplication in 2.853 seconds (JVM running for 4.18)
15/02/2019 20:19:57 [INFO /http-nio-8080-exec-1]: DirectJDKLog(173): Initializing Spring DispatcherServlet 'dispatcherServlet'
15/02/2019 20:19:57 [INFO /http-nio-8080-exec-1]: FrameworkServlet(524): Initializing Servlet 'dispatcherServlet'
15/02/2019 20:19:57 [INFO /http-nio-8080-exec-1]: FrameworkServlet(546): Completed initialization in 7 ms
15/02/2019 20:19:57 [ERROR/http-nio-8080-exec-1]: JwtProvider(88): Invalid JWT -> Message: {} JWT String argument cannot be null or empty.
15/02/2019 20:20:22 [ERROR/http-nio-8080-exec-3]: JwtProvider(88): Invalid JWT -> Message: {} JWT String argument cannot be null or empty.
15/02/2019 20:20:31 [ERROR/http-nio-8080-exec-4]: JwtProvider(88): Invalid JWT -> Message: {} JWT String argument cannot be null or empty.
15/02/2019 20:20:36 [ERROR/http-nio-8080-exec-7]: JwtProvider(88): Invalid JWT -> Message: {} JWT String argument cannot be null or empty.
15/02/2019 20:21:08 [ERROR/http-nio-8080-exec-9]: JwtProvider(88): Invalid JWT -> Message: {} JWT String argument cannot be null or empty.
15/02/2019 20:21:13 [ERROR/http-nio-8080-exec-10]: JwtProvider(88): Invalid JWT -> Message: {} JWT String argument cannot be null or empty.
15/02/2019 20:21:42 [ERROR/http-nio-8080-exec-4]: JwtProvider(85): Expired JWT token -> Message: JWT expired at 2019-02-15T20:21:37Z. Current time: 2019-02-15T20:21:42Z, a difference of 5842 milliseconds.  Allowed clock skew: 0 milliseconds.
